Camera_example/app/build/intermediates/manifest_merge_blame_file/debug/processDebugMainManifest/manifest-merger-blame-debug-report.txt
1<?xml version="1.0" encoding="utf-8"?>
2<manifest xmlns:android="http://schemas.android.com/apk/res/android"
3    package="com.example.camera_example"
4    android:versionCode="1"
5    android:versionName="1.0" >
6
7    <uses-sdk
7-->INJECTED
8        android:minSdkVersion="26"
8-->INJECTED
9        android:targetSdkVersion="36" />
9-->INJECTED
10
11    <uses-permission android:name="android.permission.CAMERA" />
11-->src/main/AndroidManifest.xml:4:5-65
11-->src/main/AndroidManifest.xml:4:22-62
12    <uses-permission android:name="android.permission.RECORD_AUDIO" />
12-->src/main/AndroidManifest.xml:5:5-71
12-->src/main/AndroidManifest.xml:5:22-68
13    <uses-permission android:name="android.permission.READ_MEDIA_IMAGES" />
13-->src/main/AndroidManifest.xml:6:5-76
13-->src/main/AndroidManifest.xml:6:22-73
14    <uses-permission android:name="android.permission.READ_MEDIA_VIDEO" />
14-->src/main/AndroidManifest.xml:7:5-75
14-->src/main/AndroidManifest.xml:7:22-72
15
16    <uses-feature
16-->src/main/AndroidManifest.xml:9:5-84
17        android:name="android.hardware.camera"
17-->src/main/AndroidManifest.xml:9:19-57
18        android:required="true" />
18-->src/main/AndroidManifest.xml:9:58-81
19    <uses-feature
19-->src/main/AndroidManifest.xml:10:5-95
20        android:name="android.hardware.camera.autofocus"
20-->src/main/AndroidManifest.xml:10:19-67
21        android:required="false" />
21-->src/main/AndroidManifest.xml:10:68-92
22
23    <permission
23-->[androidx.core:core:1.16.0] AndroidManifest.xml:22:5-24:47
24        android:name="com.example.camera_example.DYNAMIC_RECEIVER_NOT_EXPORTED_PERMISSION"
24-->[androidx.core:core:1.16.0] AndroidManifest.xml:23:9-81
25        android:protectionLevel="signature" />
25-->[androidx.core:core:1.16.0] AndroidManifest.xml:24:9-44
26
27    <uses-permission android:name="com.example.camera_example.DYNAMIC_RECEIVER_NOT_EXPORTED_PERMISSION" />
27-->[androidx.core:core:1.16.0] AndroidManifest.xml:26:5-97
27-->[androidx.core:core:1.16.0] AndroidManifest.xml:26:22-94
28
29    <application
29-->src/main/AndroidManifest.xml:12:5-52:19
30        android:allowBackup="true"
30-->src/main/AndroidManifest.xml:13:9-35
31        android:appComponentFactory="androidx.core.app.CoreComponentFactory"
31-->[androidx.core:core:1.16.0] AndroidManifest.xml:28:18-86
32        android:debuggable="true"
33        android:extractNativeLibs="false"
33-->INJECTED
34        android:icon="@mipmap/ic_launcher"
34-->src/main/AndroidManifest.xml:14:9-43
35        android:label="@string/app_name"
35-->src/main/AndroidManifest.xml:15:9-41
36        android:roundIcon="@mipmap/ic_launcher_round"
36-->src/main/AndroidManifest.xml:16:9-54
37        android:supportsRtl="true"
37-->src/main/AndroidManifest.xml:17:9-35
38        android:testOnly="true"
39        android:theme="@style/Theme.Camera_example" >
39-->src/main/AndroidManifest.xml:18:9-52
40        <activity
40-->src/main/AndroidManifest.xml:20:9-28:20
41            android:name="com.example.camera_example.MainActivity"
41-->src/main/AndroidManifest.xml:21:13-41
42            android:exported="true"
42-->src/main/AndroidManifest.xml:22:13-36
43            android:screenOrientation="portrait" >
43-->src/main/AndroidManifest.xml:23:13-49
44            <intent-filter>
44-->src/main/AndroidManifest.xml:24:13-27:29
45                <action android:name="android.intent.action.MAIN" />
45-->src/main/AndroidManifest.xml:25:17-69
45-->src/main/AndroidManifest.xml:25:25-66
46
47                <category android:name="android.intent.category.LAUNCHER" />
47-->src/main/AndroidManifest.xml:26:17-77
47-->src/main/AndroidManifest.xml:26:27-74
48            </intent-filter>
49        </activity>
50        <activity
50-->src/main/AndroidManifest.xml:30:9-34:47
51            android:name="com.example.camera_example.GalleryActivity"
51-->src/main/AndroidManifest.xml:31:13-44
52            android:exported="false"
52-->src/main/AndroidManifest.xml:32:13-37
53            android:label="@string/gallery"
53-->src/main/AndroidManifest.xml:34:13-44
54            android:screenOrientation="portrait" />
54-->src/main/AndroidManifest.xml:33:13-49
55        <activity
55-->src/main/AndroidManifest.xml:36:9-40:50
56            android:name="com.example.camera_example.MediaViewerActivity"
56-->src/main/AndroidManifest.xml:37:13-48
57            android:exported="false"
57-->src/main/AndroidManifest.xml:38:13-37
58            android:label="@string/view_media"
58-->src/main/AndroidManifest.xml:40:13-47
59            android:screenOrientation="portrait" />
59-->src/main/AndroidManifest.xml:39:13-49
60
61        <provider
61-->INJECTED
62            android:name="androidx.core.content.FileProvider"
62-->src/main/AndroidManifest.xml:43:13-62
63            android:authorities="com.example.camera_example.fileprovider"
63-->INJECTED
64            android:exported="false"
64-->src/main/AndroidManifest.xml:45:13-37
65            android:grantUriPermissions="true" >
65-->src/main/AndroidManifest.xml:46:13-47
66            <meta-data
66-->src/main/AndroidManifest.xml:47:13-49:54
67                android:name="android.support.FILE_PROVIDER_PATHS"
67-->src/main/AndroidManifest.xml:48:17-67
68                android:resource="@xml/file_paths" />
68-->src/main/AndroidManifest.xml:49:17-51
69        </provider>
70
71        <service
71-->[androidx.camera:camera-camera2:1.3.4] AndroidManifest.xml:24:9-33:19
72            android:name="androidx.camera.core.impl.MetadataHolderService"
72-->[androidx.camera:camera-camera2:1.3.4] AndroidManifest.xml:25:13-75
73            android:enabled="false"
73-->[androidx.camera:camera-camera2:1.3.4] AndroidManifest.xml:26:13-36
74            android:exported="false" >
74-->[androidx.camera:camera-camera2:1.3.4] AndroidManifest.xml:27:13-37
75            <meta-data
75-->[androidx.camera:camera-camera2:1.3.4] AndroidManifest.xml:30:13-32:89
76                android:name="androidx.camera.core.impl.MetadataHolderService.DEFAULT_CONFIG_PROVIDER"
76-->[androidx.camera:camera-camera2:1.3.4] AndroidManifest.xml:31:17-103
77                android:value="androidx.camera.camera2.Camera2Config$DefaultProvider" />
77-->[androidx.camera:camera-camera2:1.3.4] AndroidManifest.xml:32:17-86
78        </service>
79
80        <provider
80-->[androidx.emoji2:emoji2:1.3.0] AndroidManifest.xml:24:9-32:20
81            android:name="androidx.startup.InitializationProvider"
81-->[androidx.emoji2:emoji2:1.3.0] AndroidManifest.xml:25:13-67
82            android:authorities="com.example.camera_example.androidx-startup"
82-->[androidx.emoji2:emoji2:1.3.0] AndroidManifest.xml:26:13-68
83            android:exported="false" >
83-->[androidx.emoji2:emoji2:1.3.0] AndroidManifest.xml:27:13-37
84            <meta-data
84-->[androidx.emoji2:emoji2:1.3.0] AndroidManifest.xml:29:13-31:52
85                android:name="androidx.emoji2.text.EmojiCompatInitializer"
85-->[androidx.emoji2:emoji2:1.3.0] AndroidManifest.xml:30:17-75
86                android:value="androidx.startup" />
86-->[androidx.emoji2:emoji2:1.3.0] AndroidManifest.xml:31:17-49
87            <meta-data
87-->[androidx.lifecycle:lifecycle-process:2.6.2] AndroidManifest.xml:29:13-31:52
88                android:name="androidx.lifecycle.ProcessLifecycleInitializer"
88-->[androidx.lifecycle:lifecycle-process:2.6.2] AndroidManifest.xml:30:17-78
89                android:value="androidx.startup" />
89-->[androidx.lifecycle:lifecycle-process:2.6.2] AndroidManifest.xml:31:17-49
90            <meta-data
90-->[androidx.profileinstaller:profileinstaller:1.4.0] AndroidManifest.xml:29:13-31:52
91                android:name="androidx.profileinstaller.ProfileInstallerInitializer"
91-->[androidx.profileinstaller:profileinstaller:1.4.0] AndroidManifest.xml:30:17-85
92                android:value="androidx.startup" />
92-->[androidx.profileinstaller:profileinstaller:1.4.0] AndroidManifest.xml:31:17-49
93        </provider>
94
95        <receiver
95-->[androidx.profileinstaller:profileinstaller:1.4.0] AndroidManifest.xml:34:9-52:20
96            android:name="androidx.profileinstaller.ProfileInstallReceiver"
96-->[androidx.profileinstaller:profileinstaller:1.4.0] AndroidManifest.xml:35:13-76
97            android:directBootAware="false"
97-->[androidx.profileinstaller:profileinstaller:1.4.0] AndroidManifest.xml:36:13-44
98            android:enabled="true"
98-->[androidx.profileinstaller:profileinstaller:1.4.0] AndroidManifest.xml:37:13-35
99            android:exported="true"
99-->[androidx.profileinstaller:profileinstaller:1.4.0] AndroidManifest.xml:38:13-36
100            android:permission="android.permission.DUMP" >
100-->[androidx.profileinstaller:profileinstaller:1.4.0] AndroidManifest.xml:39:13-57
101            <intent-filter>
101-->[androidx.profileinstaller:profileinstaller:1.4.0] AndroidManifest.xml:40:13-42:29
102                <action android:name="androidx.profileinstaller.action.INSTALL_PROFILE" />
102-->[androidx.profileinstaller:profileinstaller:1.4.0] AndroidManifest.xml:41:17-91
102-->[androidx.profileinstaller:profileinstaller:1.4.0] AndroidManifest.xml:41:25-88
103            </intent-filter>
104            <intent-filter>
104-->[androidx.profileinstaller:profileinstaller:1.4.0] AndroidManifest.xml:43:13-45:29
105                <action android:name="androidx.profileinstaller.action.SKIP_FILE" />
105-->[androidx.profileinstaller:profileinstaller:1.4.0] AndroidManifest.xml:44:17-85
105-->[androidx.profileinstaller:profileinstaller:1.4.0] AndroidManifest.xml:44:25-82
106            </intent-filter>
107            <intent-filter>
107-->[androidx.profileinstaller:profileinstaller:1.4.0] AndroidManifest.xml:46:13-48:29
108                <action android:name="androidx.profileinstaller.action.SAVE_PROFILE" />
108-->[androidx.profileinstaller:profileinstaller:1.4.0] AndroidManifest.xml:47:17-88
108-->[androidx.profileinstaller:profileinstaller:1.4.0] AndroidManifest.xml:47:25-85
109            </intent-filter>
110            <intent-filter>
110-->[androidx.profileinstaller:profileinstaller:1.4.0] AndroidManifest.xml:49:13-51:29
111                <action android:name="androidx.profileinstaller.action.BENCHMARK_OPERATION" />
111-->[androidx.profileinstaller:profileinstaller:1.4.0] AndroidManifest.xml:50:17-95
111-->[androidx.profileinstaller:profileinstaller:1.4.0] AndroidManifest.xml:50:25-92
112            </intent-filter>
113        </receiver>
114    </application>
115
116</manifest>